{"/home/vincentas/onboardingversion2/src/app.ts": {"path":"/home/vincentas/onboardingversion2/src/app.ts","statementMap":{"0":{"start":{"line":1,"column":0},"end":{"line":1,"column":30}},"1":{"start":{"line":3,"column":0},"end":{"line":3,"column":72}},"2":{"start":{"line":4,"column":0},"end":{"line":4,"column":64}},"3":{"start":{"line":5,"column":0},"end":{"line":5,"column":69}},"4":{"start":{"line":6,"column":0},"end":{"line":6,"column":61}},"5":{"start":{"line":7,"column":0},"end":{"line":7,"column":34}},"6":{"start":{"line":9,"column":13},"end":{"line":9,"column":49}},"7":{"start":{"line":11,"column":0},"end":{"line":11,"column":25}},"8":{"start":{"line":12,"column":0},"end":{"line":12,"column":20}},"9":{"start":{"line":13,"column":0},"end":{"line":13,"column":23}},"10":{"start":{"line":14,"column":0},"end":{"line":14,"column":27}}},"fnMap":{},"branchMap":{},"s":{"0":3,"1":3,"2":3,"3":3,"4":3,"5":3,"6":3,"7":3,"8":3,"9":3,"10":3},"f":{},"b":{}}
,"/home/vincentas/onboardingversion2/src/api/controllers/mr-meeseeks-controller.ts": {"path":"/home/vincentas/onboardingversion2/src/api/controllers/mr-meeseeks-controller.ts","statementMap":{"0":{"start":{"line":2,"column":0},"end":{"line":2,"column":34}},"1":{"start":{"line":4,"column":0},"end":{"line":4,"column":67}},"2":{"start":{"line":5,"column":0},"end":{"line":5,"column":70}},"3":{"start":{"line":7,"column":34},"end":{"line":10,"column":1}},"4":{"start":{"line":8,"column":15},"end":{"line":8,"column":37}},"5":{"start":{"line":9,"column":2},"end":{"line":9,"column":72}},"6":{"start":{"line":7,"column":13},"end":{"line":7,"column":34}}},"fnMap":{"0":{"name":"(anonymous_0)","decl":{"start":{"line":7,"column":34},"end":{"line":7,"column":39}},"loc":{"start":{"line":7,"column":98},"end":{"line":10,"column":1}}}},"branchMap":{},"s":{"0":3,"1":3,"2":3,"3":3,"4":1,"5":1,"6":3},"f":{"0":1},"b":{}}
,"/home/vincentas/onboardingversion2/src/api/controllers/task-controllers.ts": {"path":"/home/vincentas/onboardingversion2/src/api/controllers/task-controllers.ts","statementMap":{"0":{"start":{"line":2,"column":0},"end":{"line":2,"column":34}},"1":{"start":{"line":4,"column":0},"end":{"line":4,"column":66}},"2":{"start":{"line":5,"column":0},"end":{"line":5,"column":68}},"3":{"start":{"line":7,"column":0},"end":{"line":7,"column":104}},"4":{"start":{"line":8,"column":0},"end":{"line":8,"column":54}},"5":{"start":{"line":9,"column":0},"end":{"line":9,"column":76}},"6":{"start":{"line":11,"column":33},"end":{"line":20,"column":1}},"7":{"start":{"line":12,"column":2},"end":{"line":19,"column":null}},"8":{"start":{"line":13,"column":17},"end":{"line":13,"column":91}},"9":{"start":{"line":14,"column":4},"end":{"line":14,"column":68}},"10":{"start":{"line":16,"column":4},"end":{"line":16,"column":71}},"11":{"start":{"line":17,"column":4},"end":{"line":17,"column":71}},"12":{"start":{"line":18,"column":4},"end":{"line":18,"column":16}},"13":{"start":{"line":11,"column":13},"end":{"line":11,"column":33}},"14":{"start":{"line":22,"column":31},"end":{"line":31,"column":1}},"15":{"start":{"line":23,"column":2},"end":{"line":30,"column":null}},"16":{"start":{"line":24,"column":17},"end":{"line":24,"column":60}},"17":{"start":{"line":26,"column":4},"end":{"line":26,"column":68}},"18":{"start":{"line":28,"column":4},"end":{"line":28,"column":71}},"19":{"start":{"line":29,"column":4},"end":{"line":29,"column":16}},"20":{"start":{"line":22,"column":13},"end":{"line":22,"column":31}},"21":{"start":{"line":33,"column":33},"end":{"line":41,"column":1}},"22":{"start":{"line":34,"column":2},"end":{"line":40,"column":null}},"23":{"start":{"line":35,"column":17},"end":{"line":35,"column":62}},"24":{"start":{"line":36,"column":4},"end":{"line":36,"column":73}},"25":{"start":{"line":38,"column":4},"end":{"line":38,"column":71}},"26":{"start":{"line":39,"column":4},"end":{"line":39,"column":16}},"27":{"start":{"line":33,"column":13},"end":{"line":33,"column":33}},"28":{"start":{"line":43,"column":34},"end":{"line":46,"column":1}},"29":{"start":{"line":44,"column":15},"end":{"line":44,"column":35}},"30":{"start":{"line":45,"column":2},"end":{"line":45,"column":66}},"31":{"start":{"line":43,"column":13},"end":{"line":43,"column":34}},"32":{"start":{"line":48,"column":33},"end":{"line":56,"column":1}},"33":{"start":{"line":49,"column":2},"end":{"line":55,"column":null}},"34":{"start":{"line":50,"column":4},"end":{"line":50,"column":50}},"35":{"start":{"line":51,"column":4},"end":{"line":51,"column":56}},"36":{"start":{"line":53,"column":4},"end":{"line":53,"column":71}},"37":{"start":{"line":54,"column":4},"end":{"line":54,"column":16}},"38":{"start":{"line":48,"column":13},"end":{"line":48,"column":33}}},"fnMap":{"0":{"name":"(anonymous_0)","decl":{"start":{"line":11,"column":33},"end":{"line":11,"column":38}},"loc":{"start":{"line":11,"column":97},"end":{"line":20,"column":1}}},"1":{"name":"(anonymous_1)","decl":{"start":{"line":22,"column":31},"end":{"line":22,"column":36}},"loc":{"start":{"line":22,"column":95},"end":{"line":31,"column":1}}},"2":{"name":"(anonymous_2)","decl":{"start":{"line":33,"column":33},"end":{"line":33,"column":38}},"loc":{"start":{"line":33,"column":97},"end":{"line":41,"column":1}}},"3":{"name":"(anonymous_3)","decl":{"start":{"line":43,"column":34},"end":{"line":43,"column":39}},"loc":{"start":{"line":43,"column":97},"end":{"line":46,"column":1}}},"4":{"name":"(anonymous_4)","decl":{"start":{"line":48,"column":33},"end":{"line":48,"column":38}},"loc":{"start":{"line":48,"column":97},"end":{"line":56,"column":1}}}},"branchMap":{},"s":{"0":3,"1":3,"2":3,"3":3,"4":3,"5":3,"6":3,"7":2,"8":2,"9":1,"10":1,"11":1,"12":1,"13":3,"14":3,"15":2,"16":2,"17":1,"18":1,"19":1,"20":3,"21":3,"22":2,"23":2,"24":1,"25":1,"26":1,"27":3,"28":3,"29":1,"30":1,"31":3,"32":3,"33":2,"34":2,"35":1,"36":1,"37":1,"38":3},"f":{"0":2,"1":2,"2":2,"3":1,"4":2},"b":{}}
,"/home/vincentas/onboardingversion2/src/api/documentation/task-documentation.ts": {"path":"/home/vincentas/onboardingversion2/src/api/documentation/task-documentation.ts","statementMap":{"0":{"start":{"line":2,"column":0},"end":{"line":2,"column":45}},"1":{"start":{"line":4,"column":30},"end":{"line":18,"column":1}},"2":{"start":{"line":5,"column":2},"end":{"line":17,"column":5}},"3":{"start":{"line":4,"column":13},"end":{"line":4,"column":30}}},"fnMap":{"0":{"name":"(anonymous_0)","decl":{"start":{"line":4,"column":30},"end":{"line":4,"column":31}},"loc":{"start":{"line":4,"column":61},"end":{"line":18,"column":1}}}},"branchMap":{},"s":{"0":3,"1":3,"2":3,"3":3},"f":{"0":3},"b":{}}
,"/home/vincentas/onboardingversion2/src/api/errors/route-errors.ts": {"path":"/home/vincentas/onboardingversion2/src/api/errors/route-errors.ts","statementMap":{"0":{"start":{"line":3,"column":0},"end":{"line":3,"column":59}},"1":{"start":{"line":5,"column":35},"end":{"line":22,"column":1}},"2":{"start":{"line":6,"column":2},"end":{"line":16,"column":5}},"3":{"start":{"line":7,"column":4},"end":{"line":10,"column":null}},"4":{"start":{"line":8,"column":6},"end":{"line":8,"column":45}},"5":{"start":{"line":9,"column":6},"end":{"line":9,"column":13}},"6":{"start":{"line":11,"column":4},"end":{"line":14,"column":null}},"7":{"start":{"line":12,"column":6},"end":{"line":12,"column":56}},"8":{"start":{"line":13,"column":6},"end":{"line":13,"column":13}},"9":{"start":{"line":15,"column":4},"end":{"line":15,"column":43}},"10":{"start":{"line":17,"column":2},"end":{"line":21,"column":5}},"11":{"start":{"line":18,"column":4},"end":{"line":20,"column":108}},"12":{"start":{"line":5,"column":13},"end":{"line":5,"column":35}},"13":{"start":{"line":24,"column":28},"end":{"line":28,"column":1}},"14":{"start":{"line":25,"column":2},"end":{"line":27,"column":null}},"15":{"start":{"line":26,"column":4},"end":{"line":26,"column":50}},"16":{"start":{"line":24,"column":13},"end":{"line":24,"column":28}}},"fnMap":{"0":{"name":"(anonymous_0)","decl":{"start":{"line":5,"column":35},"end":{"line":5,"column":36}},"loc":{"start":{"line":5,"column":66},"end":{"line":22,"column":1}}},"1":{"name":"(anonymous_1)","decl":{"start":{"line":6,"column":22},"end":{"line":6,"column":27}},"loc":{"start":{"line":6,"column":46},"end":{"line":16,"column":3}}},"2":{"name":"(anonymous_2)","decl":{"start":{"line":17,"column":25},"end":{"line":17,"column":30}},"loc":{"start":{"line":17,"column":45},"end":{"line":21,"column":3}}},"3":{"name":"(anonymous_3)","decl":{"start":{"line":24,"column":28},"end":{"line":24,"column":29}},"loc":{"start":{"line":24,"column":88},"end":{"line":28,"column":1}}}},"branchMap":{"0":{"loc":{"start":{"line":7,"column":4},"end":{"line":10,"column":null}},"type":"if","locations":[{"start":{"line":7,"column":4},"end":{"line":10,"column":null}}]},"1":{"loc":{"start":{"line":11,"column":4},"end":{"line":14,"column":null}},"type":"if","locations":[{"start":{"line":11,"column":4},"end":{"line":14,"column":null}}]},"2":{"loc":{"start":{"line":25,"column":2},"end":{"line":27,"column":null}},"type":"if","locations":[{"start":{"line":25,"column":2},"end":{"line":27,"column":null}}]}},"s":{"0":3,"1":3,"2":3,"3":7,"4":2,"5":2,"6":5,"7":4,"8":4,"9":1,"10":3,"11":1,"12":3,"13":3,"14":5,"15":4,"16":3},"f":{"0":3,"1":7,"2":1,"3":5},"b":{"0":[2],"1":[4],"2":[4]}}
,"/home/vincentas/onboardingversion2/src/api/resources/error-resources.ts": {"path":"/home/vincentas/onboardingversion2/src/api/resources/error-resources.ts","statementMap":{"0":{"start":{"line":11,"column":27},"end":{"line":18,"column":1}},"1":{"start":{"line":12,"column":2},"end":{"line":17,"column":4}},"2":{"start":{"line":11,"column":13},"end":{"line":11,"column":27}},"3":{"start":{"line":20,"column":13},"end":{"line":41,"column":2}}},"fnMap":{"0":{"name":"(anonymous_0)","decl":{"start":{"line":11,"column":27},"end":{"line":11,"column":28}},"loc":{"start":{"line":11,"column":64},"end":{"line":18,"column":1}}}},"branchMap":{"0":{"loc":{"start":{"line":13,"column":16},"end":{"line":13,"column":64}},"type":"cond-expr","locations":[{"start":{"line":13,"column":35},"end":{"line":13,"column":38}},{"start":{"line":13,"column":41},"end":{"line":13,"column":64}}]},"1":{"loc":{"start":{"line":13,"column":41},"end":{"line":13,"column":64}},"type":"binary-expr","locations":[{"start":{"line":13,"column":41},"end":{"line":13,"column":57}},{"start":{"line":13,"column":61},"end":{"line":13,"column":64}}]},"2":{"loc":{"start":{"line":16,"column":11},"end":{"line":16,"column":39}},"type":"binary-expr","locations":[{"start":{"line":16,"column":11},"end":{"line":16,"column":33}},{"start":{"line":16,"column":37},"end":{"line":16,"column":39}}]},"3":{"loc":{"start":{"line":16,"column":11},"end":{"line":16,"column":33}},"type":"cond-expr","locations":[{"start":{"line":16,"column":22},"end":{"line":16,"column":24}},{"start":{"line":16,"column":22},"end":{"line":16,"column":33}}]},"4":{"loc":{"start":{"line":16,"column":11},"end":{"line":16,"column":24}},"type":"binary-expr","locations":[{"start":{"line":16,"column":11},"end":{"line":16,"column":24}},{"start":{"line":16,"column":22},"end":{"line":16,"column":24}}]}},"s":{"0":3,"1":9,"2":3,"3":3},"f":{"0":9},"b":{"0":[2,7],"1":[7,1],"2":[9,2],"3":[2,7],"4":[9,9]}}
,"/home/vincentas/onboardingversion2/src/api/resources/meeseeks-resource.ts": {"path":"/home/vincentas/onboardingversion2/src/api/resources/meeseeks-resource.ts","statementMap":{"0":{"start":{"line":15,"column":27},"end":{"line":23,"column":1}},"1":{"start":{"line":16,"column":2},"end":{"line":22,"column":4}},"2":{"start":{"line":25,"column":36},"end":{"line":29,"column":1}},"3":{"start":{"line":26,"column":2},"end":{"line":28,"column":4}},"4":{"start":{"line":25,"column":13},"end":{"line":25,"column":36}},"5":{"start":{"line":31,"column":13},"end":{"line":48,"column":2}}},"fnMap":{"0":{"name":"(anonymous_0)","decl":{"start":{"line":15,"column":27},"end":{"line":15,"column":28}},"loc":{"start":{"line":15,"column":72},"end":{"line":23,"column":1}}},"1":{"name":"(anonymous_1)","decl":{"start":{"line":25,"column":36},"end":{"line":25,"column":37}},"loc":{"start":{"line":25,"column":87},"end":{"line":29,"column":1}}}},"branchMap":{},"s":{"0":3,"1":3,"2":3,"3":1,"4":3,"5":3},"f":{"0":3,"1":1},"b":{}}
,"/home/vincentas/onboardingversion2/src/api/resources/task-resource.ts": {"path":"/home/vincentas/onboardingversion2/src/api/resources/task-resource.ts","statementMap":{"0":{"start":{"line":20,"column":26},"end":{"line":27,"column":1}},"1":{"start":{"line":21,"column":2},"end":{"line":26,"column":4}},"2":{"start":{"line":20,"column":13},"end":{"line":20,"column":26}},"3":{"start":{"line":29,"column":30},"end":{"line":33,"column":1}},"4":{"start":{"line":30,"column":2},"end":{"line":32,"column":4}},"5":{"start":{"line":29,"column":13},"end":{"line":29,"column":30}},"6":{"start":{"line":35,"column":30},"end":{"line":39,"column":1}},"7":{"start":{"line":36,"column":2},"end":{"line":38,"column":4}},"8":{"start":{"line":35,"column":13},"end":{"line":35,"column":30}},"9":{"start":{"line":41,"column":13},"end":{"line":57,"column":2}},"10":{"start":{"line":59,"column":13},"end":{"line":63,"column":2}},"11":{"start":{"line":65,"column":13},"end":{"line":81,"column":2}}},"fnMap":{"0":{"name":"(anonymous_0)","decl":{"start":{"line":20,"column":26},"end":{"line":20,"column":27}},"loc":{"start":{"line":20,"column":59},"end":{"line":27,"column":1}}},"1":{"name":"(anonymous_1)","decl":{"start":{"line":29,"column":30},"end":{"line":29,"column":31}},"loc":{"start":{"line":29,"column":67},"end":{"line":33,"column":1}}},"2":{"name":"(anonymous_2)","decl":{"start":{"line":35,"column":30},"end":{"line":35,"column":31}},"loc":{"start":{"line":35,"column":66},"end":{"line":39,"column":1}}}},"branchMap":{},"s":{"0":3,"1":6,"2":3,"3":3,"4":3,"5":3,"6":3,"7":1,"8":3,"9":3,"10":3,"11":3},"f":{"0":6,"1":3,"2":1},"b":{}}
,"/home/vincentas/onboardingversion2/src/api/routes/meeseeks-routes.ts": {"path":"/home/vincentas/onboardingversion2/src/api/routes/meeseeks-routes.ts","statementMap":{"0":{"start":{"line":3,"column":0},"end":{"line":3,"column":75}},"1":{"start":{"line":4,"column":0},"end":{"line":4,"column":77}},"2":{"start":{"line":6,"column":37},"end":{"line":18,"column":1}},"3":{"start":{"line":7,"column":2},"end":{"line":17,"column":4}},"4":{"start":{"line":6,"column":13},"end":{"line":6,"column":37}}},"fnMap":{"0":{"name":"(anonymous_0)","decl":{"start":{"line":6,"column":37},"end":{"line":6,"column":38}},"loc":{"start":{"line":6,"column":68},"end":{"line":18,"column":1}}}},"branchMap":{},"s":{"0":3,"1":3,"2":3,"3":3,"4":3},"f":{"0":3},"b":{}}
,"/home/vincentas/onboardingversion2/src/api/routes/task-routes.ts": {"path":"/home/vincentas/onboardingversion2/src/api/routes/task-routes.ts","statementMap":{"0":{"start":{"line":3,"column":0},"end":{"line":3,"column":null}},"1":{"start":{"line":10,"column":0},"end":{"line":10,"column":68}},"2":{"start":{"line":11,"column":0},"end":{"line":11,"column":110}},"3":{"start":{"line":12,"column":0},"end":{"line":12,"column":99}},"4":{"start":{"line":14,"column":33},"end":{"line":82,"column":1}},"5":{"start":{"line":15,"column":2},"end":{"line":28,"column":4}},"6":{"start":{"line":30,"column":2},"end":{"line":42,"column":4}},"7":{"start":{"line":44,"column":2},"end":{"line":56,"column":4}},"8":{"start":{"line":58,"column":2},"end":{"line":68,"column":4}},"9":{"start":{"line":70,"column":2},"end":{"line":81,"column":4}},"10":{"start":{"line":14,"column":13},"end":{"line":14,"column":33}}},"fnMap":{"0":{"name":"(anonymous_0)","decl":{"start":{"line":14,"column":33},"end":{"line":14,"column":34}},"loc":{"start":{"line":14,"column":64},"end":{"line":82,"column":1}}}},"branchMap":{},"s":{"0":3,"1":3,"2":3,"3":3,"4":3,"5":3,"6":3,"7":3,"8":3,"9":3,"10":3},"f":{"0":3},"b":{}}
,"/home/vincentas/onboardingversion2/src/api/validation/task-validator.ts": {"path":"/home/vincentas/onboardingversion2/src/api/validation/task-validator.ts","statementMap":{"0":{"start":{"line":5,"column":13},"end":{"line":14,"column":2}},"1":{"start":{"line":16,"column":13},"end":{"line":25,"column":2}}},"fnMap":{},"branchMap":{},"s":{"0":3,"1":3},"f":{},"b":{}}
,"/home/vincentas/onboardingversion2/src/client/yes-no-api.ts": {"path":"/home/vincentas/onboardingversion2/src/client/yes-no-api.ts","statementMap":{"0":{"start":{"line":1,"column":0},"end":{"line":1,"column":31}},"1":{"start":{"line":8,"column":27},"end":{"line":12,"column":1}},"2":{"start":{"line":9,"column":19},"end":{"line":9,"column":55}},"3":{"start":{"line":10,"column":15},"end":{"line":10,"column":36}},"4":{"start":{"line":11,"column":2},"end":{"line":11,"column":14}},"5":{"start":{"line":8,"column":13},"end":{"line":8,"column":27}},"6":{"start":{"line":13,"column":31},"end":{"line":16,"column":1}},"7":{"start":{"line":14,"column":24},"end":{"line":14,"column":43}},"8":{"start":{"line":15,"column":2},"end":{"line":15,"column":40}},"9":{"start":{"line":13,"column":13},"end":{"line":13,"column":31}}},"fnMap":{"0":{"name":"(anonymous_0)","decl":{"start":{"line":8,"column":27},"end":{"line":8,"column":32}},"loc":{"start":{"line":8,"column":62},"end":{"line":12,"column":1}}},"1":{"name":"(anonymous_1)","decl":{"start":{"line":13,"column":31},"end":{"line":13,"column":36}},"loc":{"start":{"line":13,"column":60},"end":{"line":16,"column":1}}}},"branchMap":{},"s":{"0":1,"1":1,"2":2,"3":2,"4":2,"5":1,"6":1,"7":2,"8":2,"9":1},"f":{"0":2,"1":2},"b":{}}
,"/home/vincentas/onboardingversion2/src/domain/errors/task-not-found.ts": {"path":"/home/vincentas/onboardingversion2/src/domain/errors/task-not-found.ts","statementMap":{"0":{"start":{"line":1,"column":0},"end":{"line":1,"column":13}}},"fnMap":{},"branchMap":{},"s":{"0":5},"f":{},"b":{}}
,"/home/vincentas/onboardingversion2/src/domain/errors/task-not-unique.ts": {"path":"/home/vincentas/onboardingversion2/src/domain/errors/task-not-unique.ts","statementMap":{"0":{"start":{"line":3,"column":4},"end":{"line":3,"column":19}},"1":{"start":{"line":5,"column":4},"end":{"line":5,"column":54}},"2":{"start":{"line":6,"column":4},"end":{"line":6,"column":52}},"3":{"start":{"line":1,"column":0},"end":{"line":1,"column":13}}},"fnMap":{"0":{"name":"(anonymous_0)","decl":{"start":{"line":2,"column":2},"end":{"line":2,"column":14}},"loc":{"start":{"line":2,"column":30},"end":{"line":7,"column":3}}}},"branchMap":{},"s":{"0":2,"1":2,"2":2,"3":3},"f":{"0":2},"b":{}}
,"/home/vincentas/onboardingversion2/src/domain/service/meesseeks-service.ts": {"path":"/home/vincentas/onboardingversion2/src/domain/service/meesseeks-service.ts","statementMap":{"0":{"start":{"line":1,"column":0},"end":{"line":1,"column":58}},"1":{"start":{"line":2,"column":0},"end":{"line":2,"column":null}},"2":{"start":{"line":11,"column":33},"end":{"line":26,"column":1}},"3":{"start":{"line":12,"column":27},"end":{"line":12,"column":49}},"4":{"start":{"line":14,"column":2},"end":{"line":25,"column":4}},"5":{"start":{"line":16,"column":6},"end":{"line":23,"column":null}},"6":{"start":{"line":17,"column":8},"end":{"line":17,"column":55}},"7":{"start":{"line":19,"column":8},"end":{"line":19,"column":52}},"8":{"start":{"line":20,"column":8},"end":{"line":22,"column":null}},"9":{"start":{"line":21,"column":10},"end":{"line":21,"column":50}},"10":{"start":{"line":11,"column":13},"end":{"line":11,"column":33}},"11":{"start":{"line":28,"column":28},"end":{"line":35,"column":1}},"12":{"start":{"line":29,"column":22},"end":{"line":29,"column":55}},"13":{"start":{"line":30,"column":2},"end":{"line":34,"column":4}},"14":{"start":{"line":32,"column":6},"end":{"line":32,"column":38}},"15":{"start":{"line":28,"column":13},"end":{"line":28,"column":28}},"16":{"start":{"line":37,"column":22},"end":{"line":40,"column":1}},"17":{"start":{"line":38,"column":2},"end":{"line":38,"column":28}},"18":{"start":{"line":39,"column":2},"end":{"line":39,"column":23}},"19":{"start":{"line":37,"column":13},"end":{"line":37,"column":22}}},"fnMap":{"0":{"name":"(anonymous_0)","decl":{"start":{"line":11,"column":33},"end":{"line":11,"column":38}},"loc":{"start":{"line":11,"column":59},"end":{"line":26,"column":1}}},"1":{"name":"(anonymous_1)","decl":{"start":{"line":15,"column":25},"end":{"line":15,"column":30}},"loc":{"start":{"line":15,"column":44},"end":{"line":24,"column":5}}},"2":{"name":"(anonymous_2)","decl":{"start":{"line":28,"column":28},"end":{"line":28,"column":33}},"loc":{"start":{"line":28,"column":54},"end":{"line":35,"column":1}}},"3":{"name":"(anonymous_3)","decl":{"start":{"line":31,"column":20},"end":{"line":31,"column":25}},"loc":{"start":{"line":31,"column":35},"end":{"line":33,"column":5}}},"4":{"name":"(anonymous_4)","decl":{"start":{"line":37,"column":22},"end":{"line":37,"column":27}},"loc":{"start":{"line":37,"column":48},"end":{"line":40,"column":1}}}},"branchMap":{"0":{"loc":{"start":{"line":16,"column":6},"end":{"line":23,"column":null}},"type":"if","locations":[{"start":{"line":16,"column":6},"end":{"line":23,"column":null}},{"start":{"line":18,"column":13},"end":{"line":23,"column":null}}]},"1":{"loc":{"start":{"line":20,"column":8},"end":{"line":22,"column":null}},"type":"if","locations":[{"start":{"line":20,"column":8},"end":{"line":22,"column":null}}]}},"s":{"0":2,"1":2,"2":2,"3":4,"4":4,"5":3,"6":1,"7":2,"8":2,"9":1,"10":2,"11":2,"12":4,"13":4,"14":4,"15":2,"16":2,"17":3,"18":3,"19":2},"f":{"0":4,"1":3,"2":4,"3":4,"4":3},"b":{"0":[1,2],"1":[1]}}
,"/home/vincentas/onboardingversion2/src/models/mr-meeseeks.ts": {"path":"/home/vincentas/onboardingversion2/src/models/mr-meeseeks.ts","statementMap":{"0":{"start":{"line":1,"column":0},"end":{"line":1,"column":33}},"1":{"start":{"line":4,"column":0},"end":{"line":4,"column":58}},"2":{"start":{"line":6,"column":13},"end":{"line":6,"column":82}}},"fnMap":{},"branchMap":{},"s":{"0":5,"1":5,"2":5},"f":{},"b":{}}
,"/home/vincentas/onboardingversion2/src/models/task.ts": {"path":"/home/vincentas/onboardingversion2/src/models/task.ts","statementMap":{"0":{"start":{"line":1,"column":0},"end":{"line":1,"column":41}},"1":{"start":{"line":5,"column":13},"end":{"line":18,"column":2}}},"fnMap":{},"branchMap":{},"s":{"0":5,"1":5},"f":{},"b":{}}
,"/home/vincentas/onboardingversion2/src/persistance/mr-meeseeks-dao.ts": {"path":"/home/vincentas/onboardingversion2/src/persistance/mr-meeseeks-dao.ts","statementMap":{"0":{"start":{"line":3,"column":0},"end":{"line":3,"column":56}},"1":{"start":{"line":4,"column":0},"end":{"line":4,"column":43}},"2":{"start":{"line":6,"column":32},"end":{"line":17,"column":1}},"3":{"start":{"line":7,"column":24},"end":{"line":11,"column":4}},"4":{"start":{"line":12,"column":2},"end":{"line":16,"column":4}},"5":{"start":{"line":6,"column":13},"end":{"line":6,"column":32}},"6":{"start":{"line":19,"column":30},"end":{"line":30,"column":1}},"7":{"start":{"line":20,"column":26},"end":{"line":20,"column":56}},"8":{"start":{"line":21,"column":2},"end":{"line":29,"column":5}},"9":{"start":{"line":22,"column":4},"end":{"line":28,"column":6}},"10":{"start":{"line":19,"column":13},"end":{"line":19,"column":30}},"11":{"start":{"line":32,"column":39},"end":{"line":35,"column":1}},"12":{"start":{"line":33,"column":2},"end":{"line":33,"column":55}},"13":{"start":{"line":34,"column":2},"end":{"line":34,"column":66}},"14":{"start":{"line":32,"column":13},"end":{"line":32,"column":39}},"15":{"start":{"line":37,"column":34},"end":{"line":39,"column":1}},"16":{"start":{"line":38,"column":2},"end":{"line":38,"column":32}},"17":{"start":{"line":37,"column":13},"end":{"line":37,"column":34}},"18":{"start":{"line":41,"column":43},"end":{"line":45,"column":1}},"19":{"start":{"line":42,"column":2},"end":{"line":42,"column":101}},"20":{"start":{"line":44,"column":2},"end":{"line":44,"column":44}},"21":{"start":{"line":41,"column":13},"end":{"line":41,"column":43}},"22":{"start":{"line":47,"column":41},"end":{"line":59,"column":1}},"23":{"start":{"line":48,"column":19},"end":{"line":48,"column":49}},"24":{"start":{"line":49,"column":18},"end":{"line":49,"column":59}},"25":{"start":{"line":49,"column":44},"end":{"line":49,"column":58}},"26":{"start":{"line":50,"column":16},"end":{"line":50,"column":64}},"27":{"start":{"line":51,"column":2},"end":{"line":58,"column":5}},"28":{"start":{"line":52,"column":4},"end":{"line":57,"column":6}},"29":{"start":{"line":47,"column":13},"end":{"line":47,"column":41}}},"fnMap":{"0":{"name":"(anonymous_0)","decl":{"start":{"line":6,"column":32},"end":{"line":6,"column":37}},"loc":{"start":{"line":6,"column":90},"end":{"line":17,"column":1}}},"1":{"name":"(anonymous_1)","decl":{"start":{"line":19,"column":30},"end":{"line":19,"column":35}},"loc":{"start":{"line":19,"column":64},"end":{"line":30,"column":1}}},"2":{"name":"(anonymous_2)","decl":{"start":{"line":21,"column":29},"end":{"line":21,"column":30}},"loc":{"start":{"line":21,"column":42},"end":{"line":29,"column":3}}},"3":{"name":"(anonymous_3)","decl":{"start":{"line":32,"column":39},"end":{"line":32,"column":44}},"loc":{"start":{"line":32,"column":90},"end":{"line":35,"column":1}}},"4":{"name":"(anonymous_4)","decl":{"start":{"line":37,"column":34},"end":{"line":37,"column":35}},"loc":{"start":{"line":37,"column":68},"end":{"line":39,"column":1}}},"5":{"name":"(anonymous_5)","decl":{"start":{"line":41,"column":43},"end":{"line":41,"column":48}},"loc":{"start":{"line":41,"column":89},"end":{"line":45,"column":1}}},"6":{"name":"(anonymous_6)","decl":{"start":{"line":47,"column":41},"end":{"line":47,"column":46}},"loc":{"start":{"line":47,"column":69},"end":{"line":59,"column":1}}},"7":{"name":"(anonymous_7)","decl":{"start":{"line":49,"column":31},"end":{"line":49,"column":32}},"loc":{"start":{"line":49,"column":44},"end":{"line":49,"column":58}}},"8":{"name":"(anonymous_8)","decl":{"start":{"line":51,"column":19},"end":{"line":51,"column":20}},"loc":{"start":{"line":51,"column":32},"end":{"line":58,"column":3}}}},"branchMap":{},"s":{"0":5,"1":5,"2":5,"3":17,"4":17,"5":5,"6":5,"7":6,"8":6,"9":6,"10":5,"11":5,"12":2,"13":2,"14":5,"15":5,"16":2,"17":5,"18":5,"19":2,"20":2,"21":5,"22":5,"23":6,"24":6,"25":5,"26":6,"27":6,"28":6,"29":5},"f":{"0":17,"1":6,"2":6,"3":2,"4":2,"5":2,"6":6,"7":5,"8":6},"b":{}}
,"/home/vincentas/onboardingversion2/src/persistance/task-dao.ts": {"path":"/home/vincentas/onboardingversion2/src/persistance/task-dao.ts","statementMap":{"0":{"start":{"line":1,"column":0},"end":{"line":1,"column":33}},"1":{"start":{"line":3,"column":0},"end":{"line":3,"column":63}},"2":{"start":{"line":4,"column":0},"end":{"line":4,"column":65}},"3":{"start":{"line":6,"column":0},"end":{"line":6,"column":43}},"4":{"start":{"line":8,"column":0},"end":{"line":8,"column":49}},"5":{"start":{"line":10,"column":26},"end":{"line":20,"column":1}},"6":{"start":{"line":11,"column":2},"end":{"line":19,"column":null}},"7":{"start":{"line":12,"column":17},"end":{"line":12,"column":47}},"8":{"start":{"line":13,"column":4},"end":{"line":13,"column":31}},"9":{"start":{"line":15,"column":4},"end":{"line":17,"column":null}},"10":{"start":{"line":16,"column":6},"end":{"line":16,"column":63}},"11":{"start":{"line":18,"column":4},"end":{"line":18,"column":16}},"12":{"start":{"line":10,"column":13},"end":{"line":10,"column":26}},"13":{"start":{"line":22,"column":26},"end":{"line":33,"column":1}},"14":{"start":{"line":23,"column":16},"end":{"line":23,"column":64}},"15":{"start":{"line":24,"column":2},"end":{"line":26,"column":null}},"16":{"start":{"line":25,"column":4},"end":{"line":25,"column":61}},"17":{"start":{"line":28,"column":15},"end":{"line":28,"column":105}},"18":{"start":{"line":29,"column":2},"end":{"line":31,"column":null}},"19":{"start":{"line":30,"column":4},"end":{"line":30,"column":45}},"20":{"start":{"line":32,"column":2},"end":{"line":32,"column":29}},"21":{"start":{"line":22,"column":13},"end":{"line":22,"column":26}},"22":{"start":{"line":35,"column":24},"end":{"line":41,"column":1}},"23":{"start":{"line":36,"column":15},"end":{"line":36,"column":53}},"24":{"start":{"line":37,"column":2},"end":{"line":39,"column":null}},"25":{"start":{"line":38,"column":4},"end":{"line":38,"column":45}},"26":{"start":{"line":40,"column":2},"end":{"line":40,"column":29}},"27":{"start":{"line":35,"column":13},"end":{"line":35,"column":24}},"28":{"start":{"line":43,"column":28},"end":{"line":46,"column":1}},"29":{"start":{"line":44,"column":16},"end":{"line":44,"column":38}},"30":{"start":{"line":45,"column":2},"end":{"line":45,"column":34}},"31":{"start":{"line":43,"column":13},"end":{"line":43,"column":28}},"32":{"start":{"line":48,"column":26},"end":{"line":53,"column":1}},"33":{"start":{"line":49,"column":15},"end":{"line":49,"column":63}},"34":{"start":{"line":50,"column":2},"end":{"line":52,"column":null}},"35":{"start":{"line":51,"column":4},"end":{"line":51,"column":45}},"36":{"start":{"line":48,"column":13},"end":{"line":48,"column":26}}},"fnMap":{"0":{"name":"(anonymous_0)","decl":{"start":{"line":10,"column":26},"end":{"line":10,"column":31}},"loc":{"start":{"line":10,"column":75},"end":{"line":20,"column":1}}},"1":{"name":"(anonymous_1)","decl":{"start":{"line":22,"column":26},"end":{"line":22,"column":31}},"loc":{"start":{"line":22,"column":106},"end":{"line":33,"column":1}}},"2":{"name":"(anonymous_2)","decl":{"start":{"line":35,"column":24},"end":{"line":35,"column":29}},"loc":{"start":{"line":35,"column":74},"end":{"line":41,"column":1}}},"3":{"name":"(anonymous_3)","decl":{"start":{"line":43,"column":28},"end":{"line":43,"column":33}},"loc":{"start":{"line":43,"column":56},"end":{"line":46,"column":1}}},"4":{"name":"(anonymous_4)","decl":{"start":{"line":48,"column":26},"end":{"line":48,"column":31}},"loc":{"start":{"line":48,"column":77},"end":{"line":53,"column":1}}}},"branchMap":{"0":{"loc":{"start":{"line":15,"column":4},"end":{"line":17,"column":null}},"type":"if","locations":[{"start":{"line":15,"column":4},"end":{"line":17,"column":null}}]},"1":{"loc":{"start":{"line":15,"column":8},"end":{"line":15,"column":71}},"type":"binary-expr","locations":[{"start":{"line":15,"column":8},"end":{"line":15,"column":47}},{"start":{"line":15,"column":51},"end":{"line":15,"column":71}}]},"2":{"loc":{"start":{"line":24,"column":2},"end":{"line":26,"column":null}},"type":"if","locations":[{"start":{"line":24,"column":2},"end":{"line":26,"column":null}}]},"3":{"loc":{"start":{"line":29,"column":2},"end":{"line":31,"column":null}},"type":"if","locations":[{"start":{"line":29,"column":2},"end":{"line":31,"column":null}}]},"4":{"loc":{"start":{"line":37,"column":2},"end":{"line":39,"column":null}},"type":"if","locations":[{"start":{"line":37,"column":2},"end":{"line":39,"column":null}}]},"5":{"loc":{"start":{"line":50,"column":2},"end":{"line":52,"column":null}},"type":"if","locations":[{"start":{"line":50,"column":2},"end":{"line":52,"column":null}}]}},"s":{"0":3,"1":3,"2":3,"3":3,"4":3,"5":3,"6":2,"7":2,"8":1,"9":1,"10":1,"11":0,"12":3,"13":3,"14":2,"15":2,"16":1,"17":1,"18":1,"19":0,"20":1,"21":3,"22":3,"23":2,"24":2,"25":1,"26":1,"27":3,"28":3,"29":1,"30":1,"31":3,"32":3,"33":2,"34":2,"35":1,"36":3},"f":{"0":2,"1":2,"2":2,"3":1,"4":2},"b":{"0":[1],"1":[1,1],"2":[1],"3":[0],"4":[1],"5":[1]}}
,"/home/vincentas/onboardingversion2/src/persistance/task-transform.ts": {"path":"/home/vincentas/onboardingversion2/src/persistance/task-transform.ts","statementMap":{"0":{"start":{"line":7,"column":29},"end":{"line":14,"column":1}},"1":{"start":{"line":8,"column":2},"end":{"line":13,"column":4}},"2":{"start":{"line":7,"column":13},"end":{"line":7,"column":29}}},"fnMap":{"0":{"name":"(anonymous_0)","decl":{"start":{"line":7,"column":29},"end":{"line":7,"column":30}},"loc":{"start":{"line":7,"column":62},"end":{"line":14,"column":1}}}},"branchMap":{},"s":{"0":3,"1":6,"2":3},"f":{"0":6},"b":{}}
,"/home/vincentas/onboardingversion2/src/schemas/mr-meeseeks.ts": {"path":"/home/vincentas/onboardingversion2/src/schemas/mr-meeseeks.ts","statementMap":{"0":{"start":{"line":1,"column":0},"end":{"line":1,"column":34}},"1":{"start":{"line":3,"column":13},"end":{"line":12,"column":2}}},"fnMap":{},"branchMap":{},"s":{"0":5,"1":5},"f":{},"b":{}}
}
