TN:
SF:src/app.ts
FNF:0
FNH:0
DA:1,3
DA:3,3
DA:4,3
DA:5,3
DA:6,3
DA:7,3
DA:9,3
DA:11,3
DA:12,3
DA:13,3
DA:14,3
LF:11
LH:11
BRF:0
BRH:0
end_of_record
TN:
SF:src/api/controllers/mr-meeseeks-controller.ts
FN:7,(anonymous_0)
FNF:1
FNH:1
FNDA:1,(anonymous_0)
DA:2,3
DA:4,3
DA:5,3
DA:7,3
DA:8,1
DA:9,1
LF:6
LH:6
BRF:0
BRH:0
end_of_record
TN:
SF:src/api/controllers/task-controllers.ts
FN:11,(anonymous_0)
FN:22,(anonymous_1)
FN:33,(anonymous_2)
FN:43,(anonymous_3)
FN:48,(anonymous_4)
FNF:5
FNH:5
FNDA:2,(anonymous_0)
FNDA:2,(anonymous_1)
FNDA:2,(anonymous_2)
FNDA:1,(anonymous_3)
FNDA:2,(anonymous_4)
DA:2,3
DA:4,3
DA:5,3
DA:7,3
DA:8,3
DA:9,3
DA:11,3
DA:12,2
DA:13,2
DA:14,1
DA:16,1
DA:17,1
DA:18,1
DA:22,3
DA:23,2
DA:24,2
DA:26,1
DA:28,1
DA:29,1
DA:33,3
DA:34,2
DA:35,2
DA:36,1
DA:38,1
DA:39,1
DA:43,3
DA:44,1
DA:45,1
DA:48,3
DA:49,2
DA:50,2
DA:51,1
DA:53,1
DA:54,1
LF:34
LH:34
BRF:0
BRH:0
end_of_record
TN:
SF:src/api/documentation/task-documentation.ts
FN:4,(anonymous_0)
FNF:1
FNH:1
FNDA:3,(anonymous_0)
DA:2,3
DA:4,3
DA:5,3
LF:3
LH:3
BRF:0
BRH:0
end_of_record
TN:
SF:src/api/errors/route-errors.ts
FN:5,(anonymous_0)
FN:6,(anonymous_1)
FN:17,(anonymous_2)
FN:24,(anonymous_3)
FNF:4
FNH:4
FNDA:3,(anonymous_0)
FNDA:7,(anonymous_1)
FNDA:1,(anonymous_2)
FNDA:5,(anonymous_3)
DA:3,3
DA:5,3
DA:6,3
DA:7,7
DA:8,2
DA:9,2
DA:11,5
DA:12,4
DA:13,4
DA:15,1
DA:17,3
DA:18,1
DA:24,3
DA:25,5
DA:26,4
LF:15
LH:15
BRDA:7,0,0,2
BRDA:11,1,0,4
BRDA:25,2,0,4
BRF:3
BRH:3
end_of_record
TN:
SF:src/api/resources/error-resources.ts
FN:11,(anonymous_0)
FNF:1
FNH:1
FNDA:9,(anonymous_0)
DA:11,3
DA:12,9
DA:20,3
LF:3
LH:3
BRDA:13,0,0,2
BRDA:13,0,1,7
BRDA:13,1,0,7
BRDA:13,1,1,1
BRDA:16,2,0,9
BRDA:16,2,1,2
BRDA:16,3,0,2
BRDA:16,3,1,7
BRDA:16,4,0,9
BRDA:16,4,1,9
BRF:10
BRH:10
end_of_record
TN:
SF:src/api/resources/meeseeks-resource.ts
FN:15,(anonymous_0)
FN:25,(anonymous_1)
FNF:2
FNH:2
FNDA:3,(anonymous_0)
FNDA:1,(anonymous_1)
DA:15,3
DA:16,3
DA:25,3
DA:26,1
DA:31,3
LF:5
LH:5
BRF:0
BRH:0
end_of_record
TN:
SF:src/api/resources/task-resource.ts
FN:20,(anonymous_0)
FN:29,(anonymous_1)
FN:35,(anonymous_2)
FNF:3
FNH:3
FNDA:6,(anonymous_0)
FNDA:3,(anonymous_1)
FNDA:1,(anonymous_2)
DA:20,3
DA:21,6
DA:29,3
DA:30,3
DA:35,3
DA:36,1
DA:41,3
DA:59,3
DA:65,3
LF:9
LH:9
BRF:0
BRH:0
end_of_record
TN:
SF:src/api/routes/meeseeks-routes.ts
FN:6,(anonymous_0)
FNF:1
FNH:1
FNDA:3,(anonymous_0)
DA:3,3
DA:4,3
DA:6,3
DA:7,3
LF:4
LH:4
BRF:0
BRH:0
end_of_record
TN:
SF:src/api/routes/task-routes.ts
FN:14,(anonymous_0)
FNF:1
FNH:1
FNDA:3,(anonymous_0)
DA:3,3
DA:10,3
DA:11,3
DA:12,3
DA:14,3
DA:15,3
DA:30,3
DA:44,3
DA:58,3
DA:70,3
LF:10
LH:10
BRF:0
BRH:0
end_of_record
TN:
SF:src/api/validation/task-validator.ts
FNF:0
FNH:0
DA:5,3
DA:16,3
LF:2
LH:2
BRF:0
BRH:0
end_of_record
TN:
SF:src/client/yes-no-api.ts
FN:8,(anonymous_0)
FN:13,(anonymous_1)
FNF:2
FNH:2
FNDA:2,(anonymous_0)
FNDA:2,(anonymous_1)
DA:1,1
DA:8,1
DA:9,2
DA:10,2
DA:11,2
DA:13,1
DA:14,2
DA:15,2
LF:8
LH:8
BRF:0
BRH:0
end_of_record
TN:
SF:src/domain/errors/task-not-found.ts
FNF:0
FNH:0
DA:1,5
LF:1
LH:1
BRF:0
BRH:0
end_of_record
TN:
SF:src/domain/errors/task-not-unique.ts
FN:2,(anonymous_0)
FNF:1
FNH:1
FNDA:2,(anonymous_0)
DA:1,3
DA:3,2
DA:5,2
DA:6,2
LF:4
LH:4
BRF:0
BRH:0
end_of_record
TN:
SF:src/domain/service/meesseeks-service.ts
FN:11,(anonymous_0)
FN:15,(anonymous_1)
FN:28,(anonymous_2)
FN:31,(anonymous_3)
FN:37,(anonymous_4)
FNF:5
FNH:5
FNDA:4,(anonymous_0)
FNDA:3,(anonymous_1)
FNDA:4,(anonymous_2)
FNDA:4,(anonymous_3)
FNDA:3,(anonymous_4)
DA:1,2
DA:2,2
DA:11,2
DA:12,4
DA:14,4
DA:16,3
DA:17,1
DA:19,2
DA:20,2
DA:21,1
DA:28,2
DA:29,4
DA:30,4
DA:32,4
DA:37,2
DA:38,3
DA:39,3
LF:17
LH:17
BRDA:16,0,0,1
BRDA:16,0,1,2
BRDA:20,1,0,1
BRF:3
BRH:3
end_of_record
TN:
SF:src/models/mr-meeseeks.ts
FNF:0
FNH:0
DA:1,5
DA:4,5
DA:6,5
LF:3
LH:3
BRF:0
BRH:0
end_of_record
TN:
SF:src/models/task.ts
FNF:0
FNH:0
DA:1,5
DA:5,5
LF:2
LH:2
BRF:0
BRH:0
end_of_record
TN:
SF:src/persistance/mr-meeseeks-dao.ts
FN:6,(anonymous_0)
FN:19,(anonymous_1)
FN:21,(anonymous_2)
FN:32,(anonymous_3)
FN:37,(anonymous_4)
FN:41,(anonymous_5)
FN:47,(anonymous_6)
FN:49,(anonymous_7)
FN:51,(anonymous_8)
FNF:9
FNH:9
FNDA:17,(anonymous_0)
FNDA:6,(anonymous_1)
FNDA:6,(anonymous_2)
FNDA:2,(anonymous_3)
FNDA:2,(anonymous_4)
FNDA:2,(anonymous_5)
FNDA:6,(anonymous_6)
FNDA:5,(anonymous_7)
FNDA:6,(anonymous_8)
DA:3,5
DA:4,5
DA:6,5
DA:7,17
DA:12,17
DA:19,5
DA:20,6
DA:21,6
DA:22,6
DA:32,5
DA:33,2
DA:34,2
DA:37,5
DA:38,2
DA:41,5
DA:42,2
DA:44,2
DA:47,5
DA:48,6
DA:49,6
DA:50,6
DA:51,6
DA:52,6
LF:23
LH:23
BRF:0
BRH:0
end_of_record
TN:
SF:src/persistance/task-dao.ts
FN:10,(anonymous_0)
FN:22,(anonymous_1)
FN:35,(anonymous_2)
FN:43,(anonymous_3)
FN:48,(anonymous_4)
FNF:5
FNH:5
FNDA:2,(anonymous_0)
FNDA:2,(anonymous_1)
FNDA:2,(anonymous_2)
FNDA:1,(anonymous_3)
FNDA:2,(anonymous_4)
DA:1,3
DA:3,3
DA:4,3
DA:6,3
DA:8,3
DA:10,3
DA:11,2
DA:12,2
DA:13,1
DA:15,1
DA:16,1
DA:18,0
DA:22,3
DA:23,2
DA:24,2
DA:25,1
DA:28,1
DA:29,1
DA:30,0
DA:32,1
DA:35,3
DA:36,2
DA:37,2
DA:38,1
DA:40,1
DA:43,3
DA:44,1
DA:45,1
DA:48,3
DA:49,2
DA:50,2
DA:51,1
LF:32
LH:30
BRDA:15,0,0,1
BRDA:15,1,0,1
BRDA:15,1,1,1
BRDA:24,2,0,1
BRDA:29,3,0,0
BRDA:37,4,0,1
BRDA:50,5,0,1
BRF:7
BRH:6
end_of_record
TN:
SF:src/persistance/task-transform.ts
FN:7,(anonymous_0)
FNF:1
FNH:1
FNDA:6,(anonymous_0)
DA:7,3
DA:8,6
LF:2
LH:2
BRF:0
BRH:0
end_of_record
TN:
SF:src/schemas/mr-meeseeks.ts
FNF:0
FNH:0
DA:1,5
DA:3,5
LF:2
LH:2
BRF:0
BRH:0
end_of_record
